<?xml version="1.0" encoding="utf-8" standalone="no"?>
<test-run id="0" name="B2CTestDriver.dll" fullname="c:\IDP-Builder\b2ctestcaserunner\B2CTestDriver\bin\Debug\net6.0\B2CTestDriver.dll" runstate="Runnable" testcasecount="2" result="Failed" total="2" passed="1" failed="1" warnings="0" inconclusive="0" skipped="0" asserts="0" engine-version="3.13.2.0" clr-version="6.0.2" start-time="2022-03-07 16:07:45Z" end-time="2022-03-07 16:08:34Z" duration="49.199056">
  <command-line><![CDATA[c:\IDP-Builder\b2ctestcaserunner\B2CTestDriver\bin\Debug\net6.0\testhost.dll --port 58390 --endpoint 127.0.0.1:058390 --role client --parentprocessid 18580 --telemetryoptedin false]]></command-line>
  <test-suite type="Assembly" id="0-1005" name="B2CTestDriver.dll" fullname="c:/IDP-Builder/b2ctestcaserunner/B2CTestDriver/bin/Debug/net6.0/B2CTestDriver.dll" runstate="Runnable" testcasecount="2" result="Failed" site="Child" start-time="2022-03-07T16:07:45.4488898Z" end-time="2022-03-07T16:08:34.6341640Z" duration="49.185221" total="2" passed="1" failed="1" warnings="0" inconclusive="0" skipped="0" asserts="0">
    <environment framework-version="3.13.2.0" clr-version="6.0.2" os-version="Microsoft Windows 10.0.19043" platform="Win32NT" cwd="c:\IDP-Builder\b2ctestcaserunner\B2CTestDriver\bin\Debug\net6.0" machine-name="CLIFFW-LAPTOP" user="cliff" user-domain="CLIFFW-LAPTOP" culture="en-US" uiculture="en-US" os-architecture="x64" />
    <settings>
      <setting name="SynchronousEvents" value="False" />
      <setting name="RandomSeed" value="967638557" />
      <setting name="SkipNonTestAssemblies" value="True" />
      <setting name="ProcessModel" value="InProcess" />
      <setting name="DomainUsage" value="Single" />
      <setting name="DefaultTestNamePattern" value="{m}{a}" />
      <setting name="WorkDirectory" value="c:\IDP-Builder\b2ctestcaserunner\B2CTestDriver" />
      <setting name="NumberOfTestWorkers" value="8" />
    </settings>
    <properties>
      <property name="_PID" value="16468" />
      <property name="_APPDOMAIN" value="testhost" />
    </properties>
    <failure>
      <message><![CDATA[One or more child tests had errors]]></message>
    </failure>
    <test-suite type="TestSuite" id="0-1006" name="B2CTestDriver" fullname="B2CTestDriver" runstate="Runnable" testcasecount="2" result="Failed" site="Child" start-time="2022-03-07T16:07:45.4525193Z" end-time="2022-03-07T16:08:34.6341565Z" duration="49.181637" total="2" passed="1" failed="1" warnings="0" inconclusive="0" skipped="0" asserts="0">
      <failure>
        <message><![CDATA[One or more child tests had errors]]></message>
      </failure>
      <test-suite type="TestFixture" id="0-1000" name="B2CTestDriver" fullname="B2CTestDriver.B2CTestDriver" classname="B2CTestDriver.B2CTestDriver" runstate="Runnable" testcasecount="2" result="Failed" site="Child" start-time="2022-03-07T16:07:45.4535707Z" end-time="2022-03-07T16:08:34.6341160Z" duration="49.180546" total="2" passed="1" failed="1" warnings="0" inconclusive="0" skipped="0" asserts="0">
        <failure>
          <message><![CDATA[One or more child tests had errors]]></message>
        </failure>
        <test-suite type="ParameterizedMethod" id="0-1004" name="ExecuteFlow" fullname="B2CTestDriver.B2CTestDriver.ExecuteFlow" classname="B2CTestDriver.B2CTestDriver" runstate="Runnable" testcasecount="2" result="Failed" site="Child" start-time="2022-03-07T16:07:46.3908977Z" end-time="2022-03-07T16:08:34.5162835Z" duration="48.125385" total="2" passed="1" failed="1" warnings="0" inconclusive="0" skipped="0" asserts="0">
          <failure>
            <message><![CDATA[One or more child tests had errors]]></message>
          </failure>
          <test-case id="0-1002" name="ExecuteFlow(System.Collections.Generic.List`1[B2CTestDriver.models.Page[]])" fullname="B2CTestDriver.B2CTestDriver.ExecuteFlow(System.Collections.Generic.List`1[B2CTestDriver.models.Page[]])" methodname="ExecuteFlow" classname="B2CTestDriver.B2CTestDriver" runstate="Runnable" seed="2047718308" result="Passed" start-time="2022-03-07T16:07:46.3909883Z" end-time="2022-03-07T16:07:53.5695305Z" duration="7.178788" asserts="0">
            <reason>
              <message><![CDATA[Successfully landed on page: jwt.ms with element possessing ID: decodedTokenTab]]></message>
            </reason>
            <output><![CDATA[Execution of signIn]]></output>
          </test-case>
          <test-case id="0-1003" name="ExecuteFlow(System.Collections.Generic.List`1[B2CTestDriver.models.Page[]])" fullname="B2CTestDriver.B2CTestDriver.ExecuteFlow(System.Collections.Generic.List`1[B2CTestDriver.models.Page[]])" methodname="ExecuteFlow" classname="B2CTestDriver.B2CTestDriver" runstate="Runnable" seed="1423929817" result="Failed" start-time="2022-03-07T16:07:53.5729861Z" end-time="2022-03-07T16:08:34.5153217Z" duration="40.942336" asserts="0">
            <failure>
              <message><![CDATA[URL jwt.ms did not load within the 30 second time period.]]></message>
              <stack-trace><![CDATA[   at B2CTestDriver.B2CTestDriver.AssertFail(String message) in C:\IDP-Builder\b2ctestcaserunner\B2CTestDriver\B2CTestDriver.cs:line 388
   at B2CTestDriver.B2CTestDriver.ExecuteFlow(List`1 test) in C:\IDP-Builder\b2ctestcaserunner\B2CTestDriver\B2CTestDriver.cs:line 357
   at NUnit.Framework.Internal.TaskAwaitAdapter.GenericAdapter`1.BlockUntilCompleted()
   at NUnit.Framework.Internal.MessagePumpStrategy.NoMessagePumpStrategy.WaitForCompletion(AwaitAdapter awaiter)
   at NUnit.Framework.Internal.AsyncToSyncAdapter.Await(Func`1 invoke)
   at NUnit.Framework.Internal.Commands.TestMethodCommand.RunTestMethod(TestExecutionContext context)
   at NUnit.Framework.Internal.Commands.TestMethodCommand.Execute(TestExecutionContext context)
   at NUnit.Framework.Internal.Execution.SimpleWorkItem.<>c__DisplayClass4_0.<PerformWork>b__0()
   at NUnit.Framework.Internal.ContextUtils.<>c__DisplayClass1_0`1.<DoIsolated>b__0(Object _)
]]></stack-trace>
            </failure>
            <output><![CDATA[Execution of signUpNew user ID: testDriver1646669277@team550279.testinator.com]]></output>
            <assertions>
              <assertion result="Failed">
                <message><![CDATA[URL jwt.ms did not load within the 30 second time period.]]></message>
                <stack-trace><![CDATA[   at B2CTestDriver.B2CTestDriver.AssertFail(String message) in C:\IDP-Builder\b2ctestcaserunner\B2CTestDriver\B2CTestDriver.cs:line 388
   at B2CTestDriver.B2CTestDriver.ExecuteFlow(List`1 test) in C:\IDP-Builder\b2ctestcaserunner\B2CTestDriver\B2CTestDriver.cs:line 352
   at System.Runtime.CompilerServices.AsyncTaskMethodBuilder`1.AsyncStateMachineBox`1.ExecutionContextCallback(Object s)
]]></stack-trace>
              </assertion>
            </assertions>
          </test-case>
        </test-suite>
      </test-suite>
    </test-suite>
  </test-suite>
</test-run>